<?xml version="1.0" encoding="UTF-8"?>
<!-- Generated by org.testng.reporters.JUnitReportReporter -->
<testsuite hostname="DESKTOP-L8NT2EG" failures="0" tests="1" name="com.codemind.b3project.Homepageorangehrmtestcases" time="21.972" errors="0" timestamp="2022-11-01T14:53:08 IST" skipped="0">
  <testcase classname="com.codemind.b3project.Homepageorangehrmtestcases" name="verifyvalidation" time="21.972"/>
  <system-out/>
</testsuite> <!-- com.codemind.b3project.Homepageorangehrmtestcases -->
